<?xml version="1.0" encoding="UTF-8"?>
<!-- Generated by org.testng.reporters.JUnitXMLReporter -->
<testsuite hostname="DESKTOP-MF5C1AH" ignored="0" name="LoginTest" tests="1" failures="1" timestamp="11 вер. 2018 06:25:29 GMT" time="7.628" errors="0">
  <testcase name="logInTest" time="0.638" classname="com.epam.lab.LogInTest">
    <failure type="java.lang.AssertionError" message="expected [123] but found []">
      <![CDATA[java.lang.AssertionError: expected [123] but found []
	at com.epam.lab.LogInTest.logInTest(LogInTest.java:31)
... Removed 34 stack frames]]>
    </failure>
  </testcase> <!-- logInTest -->
</testsuite> <!-- LoginTest -->
