{"uuid":"8ec3b7a3-6e22-4442-adeb-000f7057dbdd","historyId":"4b8a2f5e7d96a8a47a33de107017f61a","fullName":"com.epam.lab.LogInTest.logInTest","labels":[{"name":"package","value":"com.epam.lab.LogInTest"},{"name":"testClass","value":"com.epam.lab.LogInTest"},{"name":"testMethod","value":"logInTest"},{"name":"parentSuite","value":"TestSuite"},{"name":"suite","value":"LoginTest"},{"name":"subSuite","value":"com.epam.lab.LogInTest"},{"name":"host","value":"DESKTOP-MF5C1AH"},{"name":"thread","value":"4668@DESKTOP-MF5C1AH.main(1)"},{"name":"severity","value":"normal"}],"links":[],"name":"Invalid LogInTest Scenario with wrong username and password","status":"failed","statusDetails":{"known":false,"muted":false,"flaky":false,"message":"expected [123] but found []","trace":"java.lang.AssertionError: expected [123] but found []\r\n\tat org.testng.Assert.fail(Assert.java:93)\r\n\tat org.testng.Assert.failNotEquals(Assert.java:512)\r\n\tat org.testng.Assert.assertEqualsImpl(Assert.java:134)\r\n\tat org.testng.Assert.assertEquals(Assert.java:115)\r\n\tat org.testng.Assert.assertEquals(Assert.java:189)\r\n\tat org.testng.Assert.assertEquals(Assert.java:199)\r\n\tat com.epam.lab.LogInTest.logInTest(LogInTest.java:31)\r\n\tat sun.reflect.NativeMethodAccessorImpl.invoke0(Native Method)\r\n\tat sun.reflect.NativeMethodAccessorImpl.invoke(NativeMethodAccessorImpl.java:62)\r\n\tat sun.reflect.DelegatingMethodAccessorImpl.invoke(DelegatingMethodAccessorImpl.java:43)\r\n\tat java.lang.reflect.Method.invoke(Method.java:498)\r\n\tat org.testng.internal.MethodInvocationHelper.invokeMethod(MethodInvocationHelper.java:108)\r\n\tat org.testng.internal.Invoker.invokeMethod(Invoker.java:661)\r\n\tat org.testng.internal.Invoker.invokeTestMethod(Invoker.java:869)\r\n\tat org.testng.internal.Invoker.invokeTestMethods(Invoker.java:1193)\r\n\tat org.testng.internal.TestMethodWorker.invokeTestMethods(TestMethodWorker.java:126)\r\n\tat org.testng.internal.TestMethodWorker.run(TestMethodWorker.java:109)\r\n\tat org.testng.TestRunner.privateRun(TestRunner.java:744)\r\n\tat org.testng.TestRunner.run(TestRunner.java:602)\r\n\tat org.testng.SuiteRunner.runTest(SuiteRunner.java:380)\r\n\tat org.testng.SuiteRunner.runSequentially(SuiteRunner.java:375)\r\n\tat org.testng.SuiteRunner.privateRun(SuiteRunner.java:340)\r\n\tat org.testng.SuiteRunner.run(SuiteRunner.java:289)\r\n\tat org.testng.SuiteRunnerWorker.runSuite(SuiteRunnerWorker.java:52)\r\n\tat org.testng.SuiteRunnerWorker.run(SuiteRunnerWorker.java:86)\r\n\tat org.testng.TestNG.runSuitesSequentially(TestNG.java:1301)\r\n\tat org.testng.TestNG.runSuitesLocally(TestNG.java:1226)\r\n\tat org.testng.TestNG.runSuites(TestNG.java:1144)\r\n\tat org.testng.TestNG.run(TestNG.java:1115)\r\n\tat org.apache.maven.surefire.testng.TestNGExecutor.run(TestNGExecutor.java:283)\r\n\tat org.apache.maven.surefire.testng.TestNGXmlTestSuite.execute(TestNGXmlTestSuite.java:75)\r\n\tat org.apache.maven.surefire.testng.TestNGProvider.invoke(TestNGProvider.java:120)\r\n\tat org.apache.maven.surefire.booter.ForkedBooter.invokeProviderInSameClassLoader(ForkedBooter.java:386)\r\n\tat org.apache.maven.surefire.booter.ForkedBooter.runSuitesInProcess(ForkedBooter.java:323)\r\n\tat org.apache.maven.surefire.booter.ForkedBooter.main(ForkedBooter.java:143)\r\n"},"stage":"finished","description":"LogInTest Description: Login test with invalid login and password","start":1536647127173,"stop":1536647128098,"steps":[{"name":"LoginPageBO with login: {0}, password: {1} for method: {logIn} step...","status":"passed","stage":"finished","start":1536647127185,"stop":1536647127474,"steps":[{"name":"PageElementPO Step: Enter login: {0} in login input field in method: {enterLogin}...","status":"passed","stage":"finished","start":1536647127187,"stop":1536647127307,"steps":[{"name":"PageElement Step: Send keys: {0}...","status":"passed","stage":"finished","start":1536647127188,"stop":1536647127307,"parameters":[{"name":"keysToSend","value":"[login]"}]}],"parameters":[{"name":"login","value":"login"}]},{"name":"PageElementPO Step: Enter password: {0} in password input field in method: {enterPassword}...","status":"passed","stage":"finished","start":1536647127307,"stop":1536647127386,"steps":[{"name":"PageElement Step: Send keys: {0}...","status":"passed","stage":"finished","start":1536647127308,"stop":1536647127386,"parameters":[{"name":"keysToSend","value":"[password]"}]}],"parameters":[{"name":"password","value":"password"}]},{"name":"PageElementPO Step: Submit login form in login page in method: {clickSubmit}...","status":"passed","stage":"finished","start":1536647127386,"stop":1536647127474,"steps":[{"name":"PageElement Step: Click on page element...","status":"passed","stage":"finished","start":1536647127387,"stop":1536647127474}]}],"parameters":[{"name":"login","value":"login"},{"name":"password","value":"password"}]},{"name":"TestListener Step: method: {onTestFailure}...","status":"passed","stage":"finished","start":1536647127495,"stop":1536647128076,"attachments":[{"name":"{0}","source":"cd964ff3-e9d6-4a2f-89b0-7987aed984d9-attachment","type":"text/plane"},{"name":"Page screenshot","source":"d0c8b2ea-bdbb-4781-96b1-05f855592e21-attachment","type":"image/png"}],"parameters":[{"name":"iTestResult","value":"[TestResult name=logInTest status=FAILURE method=LogInTest.logInTest()[pri:0, instance:com.epam.lab.LogInTest@379ab47b] output={null}]"}]}],"parameters":[]}