{"uuid":"baaa99ed-09f8-44a7-bbca-edeb171f1ebf","historyId":"4b8a2f5e7d96a8a47a33de107017f61a","fullName":"com.epam.lab.LogInTest.logInTest","labels":[{"name":"package","value":"com.epam.lab.LogInTest"},{"name":"testClass","value":"com.epam.lab.LogInTest"},{"name":"testMethod","value":"logInTest"},{"name":"parentSuite","value":"TestSuite"},{"name":"suite","value":"LoginTest"},{"name":"subSuite","value":"com.epam.lab.LogInTest"},{"name":"host","value":"DESKTOP-MF5C1AH"},{"name":"thread","value":"4076@DESKTOP-MF5C1AH.main(1)"},{"name":"severity","value":"normal"}],"links":[],"name":"Invalid LogInTest Scenario with wrong username and password","status":"failed","statusDetails":{"known":false,"muted":false,"flaky":false,"message":"expected [123] but found []","trace":"java.lang.AssertionError: expected [123] but found []\r\n\tat org.testng.Assert.fail(Assert.java:93)\r\n\tat org.testng.Assert.failNotEquals(Assert.java:512)\r\n\tat org.testng.Assert.assertEqualsImpl(Assert.java:134)\r\n\tat org.testng.Assert.assertEquals(Assert.java:115)\r\n\tat org.testng.Assert.assertEquals(Assert.java:189)\r\n\tat org.testng.Assert.assertEquals(Assert.java:199)\r\n\tat com.epam.lab.LogInTest.logInTest(LogInTest.java:31)\r\n\tat sun.reflect.NativeMethodAccessorImpl.invoke0(Native Method)\r\n\tat sun.reflect.NativeMethodAccessorImpl.invoke(NativeMethodAccessorImpl.java:62)\r\n\tat sun.reflect.DelegatingMethodAccessorImpl.invoke(DelegatingMethodAccessorImpl.java:43)\r\n\tat java.lang.reflect.Method.invoke(Method.java:498)\r\n\tat org.testng.internal.MethodInvocationHelper.invokeMethod(MethodInvocationHelper.java:108)\r\n\tat org.testng.internal.Invoker.invokeMethod(Invoker.java:661)\r\n\tat org.testng.internal.Invoker.invokeTestMethod(Invoker.java:869)\r\n\tat org.testng.internal.Invoker.invokeTestMethods(Invoker.java:1193)\r\n\tat org.testng.internal.TestMethodWorker.invokeTestMethods(TestMethodWorker.java:126)\r\n\tat org.testng.internal.TestMethodWorker.run(TestMethodWorker.java:109)\r\n\tat org.testng.TestRunner.privateRun(TestRunner.java:744)\r\n\tat org.testng.TestRunner.run(TestRunner.java:602)\r\n\tat org.testng.SuiteRunner.runTest(SuiteRunner.java:380)\r\n\tat org.testng.SuiteRunner.runSequentially(SuiteRunner.java:375)\r\n\tat org.testng.SuiteRunner.privateRun(SuiteRunner.java:340)\r\n\tat org.testng.SuiteRunner.run(SuiteRunner.java:289)\r\n\tat org.testng.SuiteRunnerWorker.runSuite(SuiteRunnerWorker.java:52)\r\n\tat org.testng.SuiteRunnerWorker.run(SuiteRunnerWorker.java:86)\r\n\tat org.testng.TestNG.runSuitesSequentially(TestNG.java:1301)\r\n\tat org.testng.TestNG.runSuitesLocally(TestNG.java:1226)\r\n\tat org.testng.TestNG.runSuites(TestNG.java:1144)\r\n\tat org.testng.TestNG.run(TestNG.java:1115)\r\n\tat org.apache.maven.surefire.testng.TestNGExecutor.run(TestNGExecutor.java:283)\r\n\tat org.apache.maven.surefire.testng.TestNGXmlTestSuite.execute(TestNGXmlTestSuite.java:75)\r\n\tat org.apache.maven.surefire.testng.TestNGProvider.invoke(TestNGProvider.java:120)\r\n\tat org.apache.maven.surefire.booter.ForkedBooter.invokeProviderInSameClassLoader(ForkedBooter.java:386)\r\n\tat org.apache.maven.surefire.booter.ForkedBooter.runSuitesInProcess(ForkedBooter.java:323)\r\n\tat org.apache.maven.surefire.booter.ForkedBooter.main(ForkedBooter.java:143)\r\n"},"stage":"finished","description":"LogInTest Description: Login test with invalid login and password","start":1536631252156,"stop":1536631252487,"steps":[{"name":"LoginPageBO with login: {0}, password: {1} for method: {logIn} step...","status":"passed","stage":"finished","start":1536631252159,"stop":1536631252408,"steps":[{"name":"PageElementPO Step: Enter login: {0} in login input field in method: {enterLogin}...","status":"passed","stage":"finished","start":1536631252161,"stop":1536631252225,"steps":[{"name":"PageElement Step: Send keys: {0}...","status":"passed","stage":"finished","start":1536631252161,"stop":1536631252225,"parameters":[{"name":"keysToSend","value":"[login]"}]}],"parameters":[{"name":"login","value":"login"}]},{"name":"PageElementPO Step: Enter password: {0} in password input field in method: {enterPassword}...","status":"passed","stage":"finished","start":1536631252225,"stop":1536631252306,"steps":[{"name":"PageElement Step: Send keys: {0}...","status":"passed","stage":"finished","start":1536631252225,"stop":1536631252306,"parameters":[{"name":"keysToSend","value":"[password]"}]}],"parameters":[{"name":"password","value":"password"}]},{"name":"PageElementPO Step: Submit login form in login page in method: {clickSubmit}...","status":"passed","stage":"finished","start":1536631252306,"stop":1536631252408,"steps":[{"name":"PageElement Step: Click on page element...","status":"passed","stage":"finished","start":1536631252306,"stop":1536631252408}]}],"parameters":[{"name":"login","value":"login"},{"name":"password","value":"password"}]},{"name":"TestListener Step: method: {onTestFailure}...","status":"broken","statusDetails":{"known":false,"muted":false,"flaky":false,"trace":"java.lang.NullPointerException\r\n\tat com.epam.lab.core.util.reportListeners.TestListener.saveScreenshotPNG(TestListener.java:25)\r\n\tat com.epam.lab.core.util.reportListeners.TestListener.onTestFailure_aroundBody4(TestListener.java:53)\r\n\tat com.epam.lab.core.util.reportListeners.TestListener$AjcClosure5.run(TestListener.java:1)\r\n\tat org.aspectj.runtime.reflect.JoinPointImpl.proceed(JoinPointImpl.java:149)\r\n\tat io.qameta.allure.aspects.StepsAspects.step(StepsAspects.java:46)\r\n\tat com.epam.lab.core.util.reportListeners.TestListener.onTestFailure(TestListener.java:51)\r\n\tat org.testng.internal.Invoker.runTestListeners(Invoker.java:1731)\r\n\tat org.testng.internal.Invoker.runTestListeners(Invoker.java:1714)\r\n\tat org.testng.internal.Invoker.invokeMethod(Invoker.java:714)\r\n\tat org.testng.internal.Invoker.invokeTestMethod(Invoker.java:869)\r\n\tat org.testng.internal.Invoker.invokeTestMethods(Invoker.java:1193)\r\n\tat org.testng.internal.TestMethodWorker.invokeTestMethods(TestMethodWorker.java:126)\r\n\tat org.testng.internal.TestMethodWorker.run(TestMethodWorker.java:109)\r\n\tat org.testng.TestRunner.privateRun(TestRunner.java:744)\r\n\tat org.testng.TestRunner.run(TestRunner.java:602)\r\n\tat org.testng.SuiteRunner.runTest(SuiteRunner.java:380)\r\n\tat org.testng.SuiteRunner.runSequentially(SuiteRunner.java:375)\r\n\tat org.testng.SuiteRunner.privateRun(SuiteRunner.java:340)\r\n\tat org.testng.SuiteRunner.run(SuiteRunner.java:289)\r\n\tat org.testng.SuiteRunnerWorker.runSuite(SuiteRunnerWorker.java:52)\r\n\tat org.testng.SuiteRunnerWorker.run(SuiteRunnerWorker.java:86)\r\n\tat org.testng.TestNG.runSuitesSequentially(TestNG.java:1301)\r\n\tat org.testng.TestNG.runSuitesLocally(TestNG.java:1226)\r\n\tat org.testng.TestNG.runSuites(TestNG.java:1144)\r\n\tat org.testng.TestNG.run(TestNG.java:1115)\r\n\tat org.apache.maven.surefire.testng.TestNGExecutor.run(TestNGExecutor.java:283)\r\n\tat org.apache.maven.surefire.testng.TestNGXmlTestSuite.execute(TestNGXmlTestSuite.java:75)\r\n\tat org.apache.maven.surefire.testng.TestNGProvider.invoke(TestNGProvider.java:120)\r\n\tat org.apache.maven.surefire.booter.ForkedBooter.invokeProviderInSameClassLoader(ForkedBooter.java:386)\r\n\tat org.apache.maven.surefire.booter.ForkedBooter.runSuitesInProcess(ForkedBooter.java:323)\r\n\tat org.apache.maven.surefire.booter.ForkedBooter.main(ForkedBooter.java:143)\r\n"},"stage":"finished","start":1536631252417,"stop":1536631252445,"attachments":[{"name":"{0}","source":"6b08f818-ffc7-4715-ac57-07df3bb9470e-attachment","type":"text/plane"}],"parameters":[{"name":"iTestResult","value":"[TestResult name=logInTest status=FAILURE method=LogInTest.logInTest()[pri:0, instance:com.epam.lab.LogInTest@48c40605] output={null}]"}]}],"parameters":[]}